2025-02-15 09:22:48 Loading updated app package /home/ahirzall/.config/obsidian/obsidian-1.8.4.asar
2025-02-15 09:22:49 Checking for update using Github
2025-02-15 09:22:50 Success.
2025-02-15 09:22:50 Latest version is 1.8.4
2025-02-15 09:22:50 App is up to date.
[57545:0215/122307.723621:ERROR:atom_cache.cc(229)] Add chromium/from-privileged to kAtomsToCache
2025-02-15 10:22:49 Checking for update using Github
2025-02-15 10:22:49 Success.
2025-02-15 10:22:49 Latest version is 1.8.4
2025-02-15 10:22:49 App is up to date.
[57545:0215/140656.372531:ERROR:network_service_instance_impl.cc(599)] Network service crashed, restarting service.
[57545:0215/140656.378504:ERROR:zygote_communication_linux.cc(290)] Failed to send GetTerminationStatus message to zygote
[57545:0215/140656.380011:ERROR:gpu_process_host.cc(991)] GPU process launch failed: error_code=1002
[57545:0215/140656.381830:ERROR:gpu_process_host.cc(991)] GPU process launch failed: error_code=1002
[57545:0215/140656.382344:ERROR:gpu_process_host.cc(991)] GPU process launch failed: error_code=1002
[57545:0215/140656.382664:ERROR:gpu_process_host.cc(991)] GPU process launch failed: error_code=1002
[57545:0215/140656.382921:ERROR:gpu_process_host.cc(991)] GPU process launch failed: error_code=1002
[57545:0215/140656.383133:ERROR:gpu_process_host.cc(991)] GPU process launch failed: error_code=1002
[57545:0215/140656.383366:ERROR:gpu_process_host.cc(991)] GPU process launch failed: error_code=1002
[57545:0215/140656.383519:ERROR:gpu_process_host.cc(991)] GPU process launch failed: error_code=1002
[57545:0215/140656.383666:ERROR:gpu_process_host.cc(991)] GPU process launch failed: error_code=1002
[57545:0215/140656.383671:FATAL:gpu_data_manager_impl_private.cc(448)] GPU process isn't usable. Goodbye.
